2016/02/25 17:54:34 にビルドを開始しました。
     1>ノード 2 上のプロジェクト "C:\Users\vantan\Documents\GitHub\February-Screening-panel\FlowCube\FlowCube\GameTemplate.vcxproj" (Build ターゲット)。
     1>ClCompile:
         C:\Program Files (x86)\Microsoft Visual Studio 12.0\VC\bin\x86_amd64\CL.exe /c /Zi /nologo /W3 /WX- /MP /Ox /Ob2 /Oi /GL /D WIN32 /D NDEBUG /D _WINDOWS /D PRODUCT_NAME=GameTemplate /GF /Gm- /EHsc /MD /GS /Gy /fp:precise /Zc:wchar_t /Zc:forScope /Fo"x64\Release\\" /Fd"x64\Release\vc120.pdb" /Gd /TP /errorReport:prompt src\SceneManager.cpp src\StageSelect.cpp src\main.cpp
         SceneManager.cpp
         StageSelect.cpp
         main.cpp
     1>c:\users\vantan\documents\github\february-screening-panel\flowcube\flowcube\src\Player.h(5): warning C4005: 'SPEED' : マクロが再定義されました。 (src\StageSelect.cpp)
                 c:\users\vantan\documents\github\february-screening-panel\flowcube\flowcube\src\UiBox.h(4) : 'SPEED' の前の定義を確認してください
     1>c:\users\vantan\documents\github\february-screening-panel\flowcube\flowcube\src\Player.h(5): warning C4005: 'SPEED' : マクロが再定義されました。 (src\SceneManager.cpp)
                 c:\users\vantan\documents\github\february-screening-panel\flowcube\flowcube\src\UiBox.h(4) : 'SPEED' の前の定義を確認してください
     1>src\StageSelect.cpp(24): warning C4305: '=' : 'double' から 'float' へ切り詰めます。
     1>c:\users\vantan\documents\github\february-screening-panel\flowcube\flowcube\src\Player.h(5): warning C4005: 'SPEED' : マクロが再定義されました。 (src\main.cpp)
                 c:\users\vantan\documents\github\february-screening-panel\flowcube\flowcube\src\UiBox.h(4) : 'SPEED' の前の定義を確認してください
     1>src\StageSelect.cpp(215): warning C4305: '+=' : 'double' から 'float' へ切り詰めます。
     1>src\StageSelect.cpp(217): warning C4305: '+=' : 'double' から 'float' へ切り詰めます。
       Link:
         C:\Program Files (x86)\Microsoft Visual Studio 12.0\VC\bin\x86_amd64\link.exe /ERRORREPORT:PROMPT /OUT:"C:\Users\vantan\Documents\GitHub\February-Screening-panel\FlowCube\FlowCube\GameTemplate.exe" /INCREMENTAL:NO /NOLOGO kernel32.lib user32.lib gdi32.lib winspool.lib comdlg32.lib advapi32.lib shell32.lib ole32.lib oleaut32.lib uuid.lib odbc32.lib odbccp32.lib /MANIFEST /MANIFESTUAC:"level='asInvoker' uiAccess='false'" /manifest:embed /DEBUG /PDB:"C:\Users\vantan\Documents\GitHub\February-Screening-panel\FlowCube\FlowCube\GameTemplate.pdb" /SUBSYSTEM:WINDOWS /OPT:REF /OPT:ICF /LTCG /TLBID:1 /ENTRY:"mainCRTStartup" /DYNAMICBASE /NXCOMPAT /IMPLIB:"C:\Users\vantan\Documents\GitHub\February-Screening-panel\FlowCube\FlowCube\GameTemplate.lib" /MACHINE:X64 x64\Release\Collsion.obj
         x64\Release\Easing.obj
         x64\Release\Goal.obj
         x64\Release\appEnv.obj
         x64\Release\audio.obj
         x64\Release\camera2D.obj
         x64\Release\fileUtil.obj
         x64\Release\font.obj
         x64\Release\gamePad.obj
         x64\Release\glExt.obj
         x64\Release\glfwWindow.obj
         x64\Release\glTexture.obj
         x64\Release\graph.obj
         x64\Release\matrix.obj
         x64\Release\os_osx.obj
         x64\Release\os_win.obj
         x64\Release\png.obj
         x64\Release\random.obj
         x64\Release\streaming.obj
         x64\Release\streamWav.obj
         x64\Release\texture.obj
         x64\Release\utils.obj
         x64\Release\wav.obj
         x64\Release\LogoRead.obj
         x64\Release\Magnet.obj
         x64\Release\main.obj
         x64\Release\MainGame.obj
         x64\Release\Map.obj
         x64\Release\Particle.obj
         x64\Release\Pendulum.obj
         x64\Release\Player.obj
         x64\Release\ResourceManager.obj
         x64\Release\Result.obj
         x64\Release\SceneManager.obj
         x64\Release\StageRead.obj
         x64\Release\StageSelect.obj
         x64\Release\Swipe.obj
         x64\Release\Title.obj
         x64\Release\TutorialWindow.obj
         x64\Release\UiBox.obj
         x64\Release\Wall.obj
         コード生成しています。
         コード生成が終了しました。
         GameTemplate.vcxproj -> C:\Users\vantan\Documents\GitHub\February-Screening-panel\FlowCube\FlowCube\GameTemplate.exe
     1>プロジェクト "C:\Users\vantan\Documents\GitHub\February-Screening-panel\FlowCube\FlowCube\GameTemplate.vcxproj" (Build ターゲット) のビルドが完了しました。

ビルドに成功しました。

経過時間 00:00:09.19
